#-----------------------------------------------------------
# Vivado v2019.2.1 (64-bit)
# SW Build 2729669 on Thu Dec  5 04:49:17 MST 2019
# IP Build 2729494 on Thu Dec  5 07:38:25 MST 2019
# Start of session at: Fri May 29 15:43:51 2020
# Process ID: 5380
# Current directory: C:/Users/djste/Documents/GitHub/axi2spi
# Command line: vivado.exe -gui_launcher_event rodinguilauncherevent10808 C:\Users\djste\Documents\GitHub\axi2spi\axi2spi.xpr
# Log file: C:/Users/djste/Documents/GitHub/axi2spi/vivado.log
# Journal file: C:/Users/djste/Documents/GitHub/axi2spi\vivado.jou
#-----------------------------------------------------------
start_gui
open_project C:/Users/djste/Documents/GitHub/axi2spi/axi2spi.xpr
Scanning sources...
Finished scanning sources
INFO: [IP_Flow 19-234] Refreshing IP repositories
INFO: [IP_Flow 19-1704] No user IP repositories specified
INFO: [IP_Flow 19-2313] Loaded Vivado IP repository 'C:/Xilinx/Vivado/2019.2/data/ip'.
open_project: Time (s): cpu = 00:00:10 ; elapsed = 00:00:05 . Memory (MB): peak = 917.082 ; gain = 234.320
close [ open C:/Users/djste/Documents/GitHub/axi2spi/axi2spi.srcs/sources_1/new/SYNCH_Wrapper.vhd w ]
add_files C:/Users/djste/Documents/GitHub/axi2spi/axi2spi.srcs/sources_1/new/SYNCH_Wrapper.vhd
close [ open C:/Users/djste/Documents/GitHub/axi2spi/axi2spi.srcs/sources_1/new/axi2spi_afifo.vhd w ]
add_files C:/Users/djste/Documents/GitHub/axi2spi/axi2spi.srcs/sources_1/new/axi2spi_afifo.vhd
exit
INFO: [Common 17-206] Exiting Vivado at Fri May 29 15:45:36 2020...
