#-----------------------------------------------------------
# Vivado v2019.2.1 (64-bit)
# SW Build 2729669 on Thu Dec  5 04:49:17 MST 2019
# IP Build 2729494 on Thu Dec  5 07:38:25 MST 2019
# Start of session at: Mon May 18 09:41:51 2020
# Process ID: 16324
# Current directory: C:/Users/djste/Documents/GitHub/axi2spi
# Command line: vivado.exe -gui_launcher_event rodinguilauncherevent14692 C:\Users\djste\Documents\GitHub\axi2spi\axi2spi.xpr
# Log file: C:/Users/djste/Documents/GitHub/axi2spi/vivado.log
# Journal file: C:/Users/djste/Documents/GitHub/axi2spi\vivado.jou
#-----------------------------------------------------------
start_gui
open_project C:/Users/djste/Documents/GitHub/axi2spi/axi2spi.xpr
INFO: [Project 1-313] Project file moved from 'C:/Users/40010377/Documents/GitHub/axi2spi' since last save.
CRITICAL WARNING: [Project 1-311] Could not find the file 'C:/Users/djste/Documents/GitHub/axi2spi/axi2spi.srcs/sources_1/new/reg_8_bit.vhd', nor could it be found using path 'C:/Users/40010377/Documents/GitHub/axi2spi/axi2spi.srcs/sources_1/new/reg_8_bit.vhd'.
Scanning sources...
Finished scanning sources
INFO: [IP_Flow 19-234] Refreshing IP repositories
INFO: [IP_Flow 19-1704] No user IP repositories specified
INFO: [IP_Flow 19-2313] Loaded Vivado IP repository 'C:/Xilinx/Vivado/2019.2/data/ip'.
open_project: Time (s): cpu = 00:00:10 ; elapsed = 00:00:06 . Memory (MB): peak = 890.707 ; gain = 206.559
exit
INFO: [Common 17-206] Exiting Vivado at Mon May 18 09:42:19 2020...
