#-----------------------------------------------------------
# Vivado v2019.2.1 (64-bit)
# SW Build 2729669 on Thu Dec  5 04:49:17 MST 2019
# IP Build 2729494 on Thu Dec  5 07:38:25 MST 2019
# Start of session at: Sun May 31 19:34:36 2020
# Process ID: 9264
# Current directory: C:/Users/djste/Documents/GitHub/axi2spi
# Command line: vivado.exe -gui_launcher_event rodinguilauncherevent19496 C:\Users\djste\Documents\GitHub\axi2spi\axi2spi.xpr
# Log file: C:/Users/djste/Documents/GitHub/axi2spi/vivado.log
# Journal file: C:/Users/djste/Documents/GitHub/axi2spi\vivado.jou
#-----------------------------------------------------------
start_gui
open_project C:/Users/djste/Documents/GitHub/axi2spi/axi2spi.xpr
Scanning sources...
Finished scanning sources
INFO: [IP_Flow 19-234] Refreshing IP repositories
INFO: [IP_Flow 19-1704] No user IP repositories specified
INFO: [IP_Flow 19-2313] Loaded Vivado IP repository 'C:/Xilinx/Vivado/2019.2/data/ip'.
open_project: Time (s): cpu = 00:00:09 ; elapsed = 00:00:05 . Memory (MB): peak = 915.418 ; gain = 228.883
exit
INFO: [Common 17-206] Exiting Vivado at Sun May 31 20:19:09 2020...
