#-----------------------------------------------------------
# Vivado v2019.2.1 (64-bit)
# SW Build 2729669 on Thu Dec  5 04:49:17 MST 2019
# IP Build 2729494 on Thu Dec  5 07:38:25 MST 2019
# Start of session at: Fri May 29 09:12:45 2020
# Process ID: 20000
# Current directory: C:/Users/djste/Documents/GitHub/axi2spi
# Command line: vivado.exe -gui_launcher_event rodinguilauncherevent3356 C:\Users\djste\Documents\GitHub\axi2spi\axi2spi.xpr
# Log file: C:/Users/djste/Documents/GitHub/axi2spi/vivado.log
# Journal file: C:/Users/djste/Documents/GitHub/axi2spi\vivado.jou
#-----------------------------------------------------------
start_gui
open_project C:/Users/djste/Documents/GitHub/axi2spi/axi2spi.xpr
INFO: [Project 1-313] Project file moved from 'C:/Users/40010377/Documents/GitHub/axi2spi' since last save.
Scanning sources...
Finished scanning sources
INFO: [IP_Flow 19-234] Refreshing IP repositories
INFO: [IP_Flow 19-1704] No user IP repositories specified
INFO: [IP_Flow 19-2313] Loaded Vivado IP repository 'C:/Xilinx/Vivado/2019.2/data/ip'.
open_project: Time (s): cpu = 00:00:09 ; elapsed = 00:00:07 . Memory (MB): peak = 859.715 ; gain = 229.160
export_ip_user_files -of_objects  [get_files C:/Users/djste/Documents/GitHub/axi2spi/axi2spi.srcs/sources_1/imports/Desktop/SYNC_Wrapper.vhd] -no_script -reset -force -quiet
remove_files  C:/Users/djste/Documents/GitHub/axi2spi/axi2spi.srcs/sources_1/imports/Desktop/SYNC_Wrapper.vhd
export_ip_user_files -of_objects  [get_files C:/Users/djste/Documents/GitHub/axi2spi/axi2spi.srcs/sources_1/imports/Desktop/axi2spi_afifo.vhd] -no_script -reset -force -quiet
remove_files  C:/Users/djste/Documents/GitHub/axi2spi/axi2spi.srcs/sources_1/imports/Desktop/axi2spi_afifo.vhd
file delete -force C:/Users/djste/Documents/GitHub/axi2spi/axi2spi.srcs/sources_1/imports/Desktop/axi2spi_afifo.vhd
exit
INFO: [Common 17-206] Exiting Vivado at Fri May 29 09:28:56 2020...
