#-----------------------------------------------------------
# Vivado v2019.2.1 (64-bit)
# SW Build 2729669 on Thu Dec  5 04:49:17 MST 2019
# IP Build 2729494 on Thu Dec  5 07:38:25 MST 2019
# Start of session at: Fri May 29 15:37:01 2020
# Process ID: 15880
# Current directory: C:/Users/djste/Documents/GitHub/axi2spi
# Command line: vivado.exe -gui_launcher_event rodinguilauncherevent11248 C:\Users\djste\Documents\GitHub\axi2spi\axi2spi.xpr
# Log file: C:/Users/djste/Documents/GitHub/axi2spi/vivado.log
# Journal file: C:/Users/djste/Documents/GitHub/axi2spi\vivado.jou
#-----------------------------------------------------------
start_gui
open_project C:/Users/djste/Documents/GitHub/axi2spi/axi2spi.xpr
INFO: [Project 1-313] Project file moved from 'C:/Users/40010371/Documents/GitHub/axi2spi' since last save.
CRITICAL WARNING: [Project 1-311] Could not find the file 'C:/Users/djste/Documents/GitHub/axi2spi/axi2spi.srcs/sources_1/imports/Desktop/axi2spi_afifo.vhd', nor could it be found using path 'C:/Users/40010371/Documents/GitHub/axi2spi/axi2spi.srcs/sources_1/imports/Desktop/axi2spi_afifo.vhd'.
Scanning sources...
Finished scanning sources
INFO: [IP_Flow 19-234] Refreshing IP repositories
INFO: [IP_Flow 19-1704] No user IP repositories specified
INFO: [IP_Flow 19-2313] Loaded Vivado IP repository 'C:/Xilinx/Vivado/2019.2/data/ip'.
open_project: Time (s): cpu = 00:00:10 ; elapsed = 00:00:05 . Memory (MB): peak = 915.375 ; gain = 228.566
export_ip_user_files -of_objects  [get_files C:/Users/djste/Documents/GitHub/axi2spi/axi2spi.srcs/sources_1/imports/Desktop/axi2spi_afifo.vhd] -no_script -reset -force -quiet
remove_files  C:/Users/djste/Documents/GitHub/axi2spi/axi2spi.srcs/sources_1/imports/Desktop/axi2spi_afifo.vhd
export_ip_user_files -of_objects  [get_files C:/Users/djste/Documents/GitHub/axi2spi/axi2spi.srcs/sources_1/imports/Desktop/SYNC_Wrapper.vhd] -no_script -reset -force -quiet
remove_files  C:/Users/djste/Documents/GitHub/axi2spi/axi2spi.srcs/sources_1/imports/Desktop/SYNC_Wrapper.vhd
file delete -force C:/Users/djste/Documents/GitHub/axi2spi/axi2spi.srcs/sources_1/imports/Desktop/SYNC_Wrapper.vhd
exit
INFO: [Common 17-206] Exiting Vivado at Fri May 29 15:41:33 2020...
