#-----------------------------------------------------------
# Vivado v2019.2.1 (64-bit)
# SW Build 2729669 on Thu Dec  5 04:49:17 MST 2019
# IP Build 2729494 on Thu Dec  5 07:38:25 MST 2019
# Start of session at: Tue May 26 09:32:07 2020
# Process ID: 20424
# Current directory: C:/Users/djste/Documents/GitHub/axi2spi
# Command line: vivado.exe -gui_launcher_event rodinguilauncherevent11080 C:\Users\djste\Documents\GitHub\axi2spi\axi2spi.xpr
# Log file: C:/Users/djste/Documents/GitHub/axi2spi/vivado.log
# Journal file: C:/Users/djste/Documents/GitHub/axi2spi\vivado.jou
#-----------------------------------------------------------
start_gui
open_project C:/Users/djste/Documents/GitHub/axi2spi/axi2spi.xpr
INFO: [Project 1-313] Project file moved from 'C:/Users/40010377/Documents/GitHub/axi2spi' since last save.
Scanning sources...
Finished scanning sources
INFO: [IP_Flow 19-234] Refreshing IP repositories
INFO: [IP_Flow 19-1704] No user IP repositories specified
INFO: [IP_Flow 19-2313] Loaded Vivado IP repository 'C:/Xilinx/Vivado/2019.2/data/ip'.
open_project: Time (s): cpu = 00:00:11 ; elapsed = 00:00:08 . Memory (MB): peak = 840.027 ; gain = 197.676
add_files -norecurse -scan_for_includes {C:/Users/djste/Desktop/axi2spi_afifo.vhd C:/Users/djste/Desktop/SYNC_Wrapper.vhd}
import_files -norecurse {C:/Users/djste/Desktop/axi2spi_afifo.vhd C:/Users/djste/Desktop/SYNC_Wrapper.vhd}
exit
INFO: [Common 17-206] Exiting Vivado at Tue May 26 09:47:23 2020...
