Vivado Simulator 2019.2
Copyright 1986-1999, 2001-2019 Xilinx, Inc. All Rights Reserved.
Running: C:/Xilinx/Vivado/2019.2/bin/unwrapped/win64.o/xelab.exe -wto d220ceb62744474398b86c17d8afd055 --incr --debug typical --relax --mt 2 -L xil_defaultlib -L secureip --snapshot SPI_BRG_tb_behav xil_defaultlib.SPI_BRG_tb -log elaborate.log 
Using 2 slave threads.
Starting static elaboration
Completed static elaboration
Starting simulation data flow analysis
Completed simulation data flow analysis
Time Resolution for simulation is 1ps
Compiling package std.standard
Compiling package std.textio
Compiling package ieee.std_logic_1164
Compiling package ieee.std_logic_arith
Compiling package ieee.numeric_std
Compiling package ieee.math_real
Compiling architecture behavioral of entity xil_defaultlib.SPI_BRG [\SPI_BRG(c_sck_ratio=1)\]
Compiling architecture behavioral of entity xil_defaultlib.SPI_BRG [\SPI_BRG(c_sck_ratio=2)\]
Compiling architecture behavioral of entity xil_defaultlib.SPI_BRG [\SPI_BRG(c_sck_ratio=4)\]
Compiling architecture behavioral of entity xil_defaultlib.SPI_BRG [\SPI_BRG(c_sck_ratio=8)\]
Compiling architecture behavioral of entity xil_defaultlib.SPI_BRG [\SPI_BRG(c_sck_ratio=16)\]
Compiling architecture behavioral of entity xil_defaultlib.SPI_BRG [spi_brg_default]
Compiling architecture behave of entity xil_defaultlib.spi_brg_tb
Built simulation snapshot SPI_BRG_tb_behav
